Build started 04/20/2021 2:29:36 AM.
     1>Project "E:\C++\uri problem solving\beginner\Highest and Position\Highest and Position\Highest and Position.vcxproj" on node 2 (build target(s)).
     1>InitializeBuildStatus:
         Creating "Debug\Highest and Position.unsuccessfulbuild" because "AlwaysCreate" was specified.
       ClCompile:
         C:\Program Files (x86)\Microsoft Visual Studio 10.0\VC\bin\CL.exe /c /ZI /nologo /W3 /WX- /Od /Oy- /D WIN32 /D _DEBUG /D _CONSOLE /D _UNICODE /D UNICODE /Gm /EHsc /RTC1 /MDd /GS /fp:precise /Zc:wchar_t /Zc:forScope /Fo"Debug\\" /Fd"Debug\vc100.pdb" /Gd /TP /analyze- /errorReport:prompt "Highest and Position.cpp"
         Highest and Position.cpp
       ManifestResourceCompile:
         All outputs are up-to-date.
       Link:
         C:\Program Files (x86)\Microsoft Visual Studio 10.0\VC\bin\link.exe /ERRORREPORT:PROMPT /OUT:"E:\C++\uri problem solving\beginner\Highest and Position\Debug\Highest and Position.exe" /INCREMENTAL /NOLOGO kernel32.lib user32.lib gdi32.lib winspool.lib comdlg32.lib advapi32.lib shell32.lib ole32.lib oleaut32.lib uuid.lib odbc32.lib odbccp32.lib /MANIFEST /ManifestFile:"Debug\Highest and Position.exe.intermediate.manifest" /MANIFESTUAC:"level='asInvoker' uiAccess='false'" /DEBUG /PDB:"E:\C++\uri problem solving\beginner\Highest and Position\Debug\Highest and Position.pdb" /SUBSYSTEM:CONSOLE /TLBID:1 /DYNAMICBASE /NXCOMPAT /IMPLIB:"E:\C++\uri problem solving\beginner\Highest and Position\Debug\Highest and Position.lib" /MACHINE:X86 "Debug\Highest and Position.exe.embed.manifest.res"
         "Debug\Highest and Position.obj"
       Manifest:
         C:\Program Files (x86)\Microsoft SDKs\Windows\v7.0A\bin\mt.exe /nologo /verbose /out:"Debug\Highest and Position.exe.embed.manifest" /manifest "Debug\Highest and Position.exe.intermediate.manifest"
         All outputs are up-to-date.
       LinkEmbedManifest:
         All outputs are up-to-date.
         Highest and Position.vcxproj -> E:\C++\uri problem solving\beginner\Highest and Position\Debug\Highest and Position.exe
       FinalizeBuildStatus:
         Deleting file "Debug\Highest and Position.unsuccessfulbuild".
         Touching "Debug\Highest and Position.lastbuildstate".
     1>Done Building Project "E:\C++\uri problem solving\beginner\Highest and Position\Highest and Position\Highest and Position.vcxproj" (build target(s)).

Build succeeded.

Time Elapsed 00:00:00.81
