Build started 04/24/2021 4:54:26 AM.
     1>Project "E:\C++\uri problem solving\beginner\Sequence IJ 1\Sequence IJ 1\Sequence IJ 1.vcxproj" on node 2 (build target(s)).
     1>PrepareForBuild:
         Creating directory "E:\C++\uri problem solving\beginner\Sequence IJ 1\Debug\".
       InitializeBuildStatus:
         Creating "Debug\Sequence IJ 1.unsuccessfulbuild" because "AlwaysCreate" was specified.
       ClCompile:
         C:\Program Files (x86)\Microsoft Visual Studio 10.0\VC\bin\CL.exe /c /ZI /nologo /W3 /WX- /Od /Oy- /D WIN32 /D _DEBUG /D _CONSOLE /D _UNICODE /D UNICODE /Gm /EHsc /RTC1 /MDd /GS /fp:precise /Zc:wchar_t /Zc:forScope /Fo"Debug\\" /Fd"Debug\vc100.pdb" /Gd /TP /analyze- /errorReport:prompt "Sequence IJ 1.cpp"
         Sequence IJ 1.cpp
       ManifestResourceCompile:
         C:\Program Files (x86)\Microsoft SDKs\Windows\v7.0A\bin\rc.exe /nologo /fo"Debug\Sequence IJ 1.exe.embed.manifest.res" "Debug\Sequence IJ 1_manifest.rc" 
       Link:
         C:\Program Files (x86)\Microsoft Visual Studio 10.0\VC\bin\link.exe /ERRORREPORT:PROMPT /OUT:"E:\C++\uri problem solving\beginner\Sequence IJ 1\Debug\Sequence IJ 1.exe" /INCREMENTAL /NOLOGO kernel32.lib user32.lib gdi32.lib winspool.lib comdlg32.lib advapi32.lib shell32.lib ole32.lib oleaut32.lib uuid.lib odbc32.lib odbccp32.lib /MANIFEST /ManifestFile:"Debug\Sequence IJ 1.exe.intermediate.manifest" /MANIFESTUAC:"level='asInvoker' uiAccess='false'" /DEBUG /PDB:"E:\C++\uri problem solving\beginner\Sequence IJ 1\Debug\Sequence IJ 1.pdb" /SUBSYSTEM:CONSOLE /TLBID:1 /DYNAMICBASE /NXCOMPAT /IMPLIB:"E:\C++\uri problem solving\beginner\Sequence IJ 1\Debug\Sequence IJ 1.lib" /MACHINE:X86 "Debug\Sequence IJ 1.exe.embed.manifest.res"
         "Debug\Sequence IJ 1.obj"
       Manifest:
         C:\Program Files (x86)\Microsoft SDKs\Windows\v7.0A\bin\mt.exe /nologo /verbose /out:"Debug\Sequence IJ 1.exe.embed.manifest" /manifest "Debug\Sequence IJ 1.exe.intermediate.manifest"
         C:\Program Files (x86)\Microsoft SDKs\Windows\v7.0A\bin\rc.exe /nologo /fo"Debug\Sequence IJ 1.exe.embed.manifest.res" "Debug\Sequence IJ 1_manifest.rc" 
       LinkEmbedManifest:
         C:\Program Files (x86)\Microsoft Visual Studio 10.0\VC\bin\link.exe /ERRORREPORT:PROMPT /OUT:"E:\C++\uri problem solving\beginner\Sequence IJ 1\Debug\Sequence IJ 1.exe" /INCREMENTAL /NOLOGO kernel32.lib user32.lib gdi32.lib winspool.lib comdlg32.lib advapi32.lib shell32.lib ole32.lib oleaut32.lib uuid.lib odbc32.lib odbccp32.lib /MANIFEST /ManifestFile:"Debug\Sequence IJ 1.exe.intermediate.manifest" /MANIFESTUAC:"level='asInvoker' uiAccess='false'" /DEBUG /PDB:"E:\C++\uri problem solving\beginner\Sequence IJ 1\Debug\Sequence IJ 1.pdb" /SUBSYSTEM:CONSOLE /TLBID:1 /DYNAMICBASE /NXCOMPAT /IMPLIB:"E:\C++\uri problem solving\beginner\Sequence IJ 1\Debug\Sequence IJ 1.lib" /MACHINE:X86 "Debug\Sequence IJ 1.exe.embed.manifest.res"
         "Debug\Sequence IJ 1.obj"
         Sequence IJ 1.vcxproj -> E:\C++\uri problem solving\beginner\Sequence IJ 1\Debug\Sequence IJ 1.exe
       FinalizeBuildStatus:
         Deleting file "Debug\Sequence IJ 1.unsuccessfulbuild".
         Touching "Debug\Sequence IJ 1.lastbuildstate".
     1>Done Building Project "E:\C++\uri problem solving\beginner\Sequence IJ 1\Sequence IJ 1\Sequence IJ 1.vcxproj" (build target(s)).

Build succeeded.

Time Elapsed 00:00:05.28
