Build started 05/05/2021 11:28:37 AM.
     1>Project "E:\C++\uri problem solving\beginner\Perfect Number\Perfect Number\Perfect Number.vcxproj" on node 2 (build target(s)).
     1>InitializeBuildStatus:
         Creating "Debug\Perfect Number.unsuccessfulbuild" because "AlwaysCreate" was specified.
       ClCompile:
         C:\Program Files (x86)\Microsoft Visual Studio 10.0\VC\bin\CL.exe /c /ZI /nologo /W3 /WX- /Od /Oy- /D WIN32 /D _DEBUG /D _CONSOLE /D _UNICODE /D UNICODE /Gm /EHsc /RTC1 /MDd /GS /fp:precise /Zc:wchar_t /Zc:forScope /Fo"Debug\\" /Fd"Debug\vc100.pdb" /Gd /TP /analyze- /errorReport:prompt "Perfect Number.cpp"
         Perfect Number.cpp
       ManifestResourceCompile:
         All outputs are up-to-date.
       Link:
         C:\Program Files (x86)\Microsoft Visual Studio 10.0\VC\bin\link.exe /ERRORREPORT:PROMPT /OUT:"E:\C++\uri problem solving\beginner\Perfect Number\Debug\Perfect Number.exe" /INCREMENTAL /NOLOGO kernel32.lib user32.lib gdi32.lib winspool.lib comdlg32.lib advapi32.lib shell32.lib ole32.lib oleaut32.lib uuid.lib odbc32.lib odbccp32.lib /MANIFEST /ManifestFile:"Debug\Perfect Number.exe.intermediate.manifest" /MANIFESTUAC:"level='asInvoker' uiAccess='false'" /DEBUG /PDB:"E:\C++\uri problem solving\beginner\Perfect Number\Debug\Perfect Number.pdb" /SUBSYSTEM:CONSOLE /TLBID:1 /DYNAMICBASE /NXCOMPAT /IMPLIB:"E:\C++\uri problem solving\beginner\Perfect Number\Debug\Perfect Number.lib" /MACHINE:X86 "Debug\Perfect Number.exe.embed.manifest.res"
         "Debug\Perfect Number.obj"
       Manifest:
         C:\Program Files (x86)\Microsoft SDKs\Windows\v7.0A\bin\mt.exe /nologo /verbose /out:"Debug\Perfect Number.exe.embed.manifest" /manifest "Debug\Perfect Number.exe.intermediate.manifest"
         All outputs are up-to-date.
       LinkEmbedManifest:
         All outputs are up-to-date.
         Perfect Number.vcxproj -> E:\C++\uri problem solving\beginner\Perfect Number\Debug\Perfect Number.exe
       FinalizeBuildStatus:
         Deleting file "Debug\Perfect Number.unsuccessfulbuild".
         Touching "Debug\Perfect Number.lastbuildstate".
     1>Done Building Project "E:\C++\uri problem solving\beginner\Perfect Number\Perfect Number\Perfect Number.vcxproj" (build target(s)).

Build succeeded.

Time Elapsed 00:00:01.62
