Build started 04/24/2021 8:33:48 AM.
     1>Project "E:\C++\uri problem solving\beginner\Grenais\Grenais\Grenais.vcxproj" on node 2 (build target(s)).
     1>InitializeBuildStatus:
         Creating "Debug\Grenais.unsuccessfulbuild" because "AlwaysCreate" was specified.
       ClCompile:
         C:\Program Files (x86)\Microsoft Visual Studio 10.0\VC\bin\CL.exe /c /ZI /nologo /W3 /WX- /Od /Oy- /D WIN32 /D _DEBUG /D _CONSOLE /D _UNICODE /D UNICODE /Gm /EHsc /RTC1 /MDd /GS /fp:precise /Zc:wchar_t /Zc:forScope /Fo"Debug\\" /Fd"Debug\vc100.pdb" /Gd /TP /analyze- /errorReport:prompt Grenais.cpp
         Grenais.cpp
       ManifestResourceCompile:
         All outputs are up-to-date.
       Link:
         C:\Program Files (x86)\Microsoft Visual Studio 10.0\VC\bin\link.exe /ERRORREPORT:PROMPT /OUT:"E:\C++\uri problem solving\beginner\Grenais\Debug\Grenais.exe" /INCREMENTAL /NOLOGO kernel32.lib user32.lib gdi32.lib winspool.lib comdlg32.lib advapi32.lib shell32.lib ole32.lib oleaut32.lib uuid.lib odbc32.lib odbccp32.lib /MANIFEST /ManifestFile:"Debug\Grenais.exe.intermediate.manifest" /MANIFESTUAC:"level='asInvoker' uiAccess='false'" /DEBUG /PDB:"E:\C++\uri problem solving\beginner\Grenais\Debug\Grenais.pdb" /SUBSYSTEM:CONSOLE /TLBID:1 /DYNAMICBASE /NXCOMPAT /IMPLIB:"E:\C++\uri problem solving\beginner\Grenais\Debug\Grenais.lib" /MACHINE:X86 Debug\Grenais.exe.embed.manifest.res
         Debug\Grenais.obj
       Manifest:
         C:\Program Files (x86)\Microsoft SDKs\Windows\v7.0A\bin\mt.exe /nologo /verbose /out:"Debug\Grenais.exe.embed.manifest" /manifest Debug\Grenais.exe.intermediate.manifest
         All outputs are up-to-date.
       LinkEmbedManifest:
         All outputs are up-to-date.
         Grenais.vcxproj -> E:\C++\uri problem solving\beginner\Grenais\Debug\Grenais.exe
       FinalizeBuildStatus:
         Deleting file "Debug\Grenais.unsuccessfulbuild".
         Touching "Debug\Grenais.lastbuildstate".
     1>Done Building Project "E:\C++\uri problem solving\beginner\Grenais\Grenais\Grenais.vcxproj" (build target(s)).

Build succeeded.

Time Elapsed 00:00:01.20
