Build started 04/20/2021 4:45:41 PM.
     1>Project "E:\C++\uri problem solving\beginner\Sequence IJ2\Sequence IJ2\Sequence IJ2.vcxproj" on node 2 (build target(s)).
     1>InitializeBuildStatus:
         Creating "Debug\Sequence IJ2.unsuccessfulbuild" because "AlwaysCreate" was specified.
       ClCompile:
         C:\Program Files (x86)\Microsoft Visual Studio 10.0\VC\bin\CL.exe /c /ZI /nologo /W3 /WX- /Od /Oy- /D WIN32 /D _DEBUG /D _CONSOLE /D _UNICODE /D UNICODE /Gm /EHsc /RTC1 /MDd /GS /fp:precise /Zc:wchar_t /Zc:forScope /Fo"Debug\\" /Fd"Debug\vc100.pdb" /Gd /TP /analyze- /errorReport:prompt "Sequence IJ2.cpp"
         Sequence IJ2.cpp
       ManifestResourceCompile:
         All outputs are up-to-date.
       Link:
         C:\Program Files (x86)\Microsoft Visual Studio 10.0\VC\bin\link.exe /ERRORREPORT:PROMPT /OUT:"E:\C++\uri problem solving\beginner\Sequence IJ2\Debug\Sequence IJ2.exe" /INCREMENTAL /NOLOGO kernel32.lib user32.lib gdi32.lib winspool.lib comdlg32.lib advapi32.lib shell32.lib ole32.lib oleaut32.lib uuid.lib odbc32.lib odbccp32.lib /MANIFEST /ManifestFile:"Debug\Sequence IJ2.exe.intermediate.manifest" /MANIFESTUAC:"level='asInvoker' uiAccess='false'" /DEBUG /PDB:"E:\C++\uri problem solving\beginner\Sequence IJ2\Debug\Sequence IJ2.pdb" /SUBSYSTEM:CONSOLE /TLBID:1 /DYNAMICBASE /NXCOMPAT /IMPLIB:"E:\C++\uri problem solving\beginner\Sequence IJ2\Debug\Sequence IJ2.lib" /MACHINE:X86 "Debug\Sequence IJ2.exe.embed.manifest.res"
         "Debug\Sequence IJ2.obj"
       Manifest:
         C:\Program Files (x86)\Microsoft SDKs\Windows\v7.0A\bin\mt.exe /nologo /verbose /out:"Debug\Sequence IJ2.exe.embed.manifest" /manifest "Debug\Sequence IJ2.exe.intermediate.manifest"
         All outputs are up-to-date.
       LinkEmbedManifest:
         All outputs are up-to-date.
         Sequence IJ2.vcxproj -> E:\C++\uri problem solving\beginner\Sequence IJ2\Debug\Sequence IJ2.exe
       FinalizeBuildStatus:
         Deleting file "Debug\Sequence IJ2.unsuccessfulbuild".
         Touching "Debug\Sequence IJ2.lastbuildstate".
     1>Done Building Project "E:\C++\uri problem solving\beginner\Sequence IJ2\Sequence IJ2\Sequence IJ2.vcxproj" (build target(s)).

Build succeeded.

Time Elapsed 00:00:00.72
