Build started 04/24/2021 7:07:38 AM.
     1>Project "E:\C++\uri problem solving\beginner\Sequence of Numbers and Sum\Sequence of Numbers and Sum\Sequence of Numbers and Sum.vcxproj" on node 2 (build target(s)).
     1>PrepareForBuild:
         Creating directory "E:\C++\uri problem solving\beginner\Sequence of Numbers and Sum\Debug\".
       InitializeBuildStatus:
         Creating "Debug\Sequence of Numbers and Sum.unsuccessfulbuild" because "AlwaysCreate" was specified.
       ClCompile:
         C:\Program Files (x86)\Microsoft Visual Studio 10.0\VC\bin\CL.exe /c /ZI /nologo /W3 /WX- /Od /Oy- /D WIN32 /D _DEBUG /D _CONSOLE /D _UNICODE /D UNICODE /Gm /EHsc /RTC1 /MDd /GS /fp:precise /Zc:wchar_t /Zc:forScope /Fo"Debug\\" /Fd"Debug\vc100.pdb" /Gd /TP /analyze- /errorReport:prompt "Sequence of Numbers and Sum.cpp"
         Sequence of Numbers and Sum.cpp
       ManifestResourceCompile:
         C:\Program Files (x86)\Microsoft SDKs\Windows\v7.0A\bin\rc.exe /nologo /fo"Debug\Sequence of Numbers and Sum.exe.embed.manifest.res" "Debug\Sequence of Numbers and Sum_manifest.rc" 
       Link:
         C:\Program Files (x86)\Microsoft Visual Studio 10.0\VC\bin\link.exe /ERRORREPORT:PROMPT /OUT:"E:\C++\uri problem solving\beginner\Sequence of Numbers and Sum\Debug\Sequence of Numbers and Sum.exe" /INCREMENTAL /NOLOGO kernel32.lib user32.lib gdi32.lib winspool.lib comdlg32.lib advapi32.lib shell32.lib ole32.lib oleaut32.lib uuid.lib odbc32.lib odbccp32.lib /MANIFEST /ManifestFile:"Debug\Sequence of Numbers and Sum.exe.intermediate.manifest" /MANIFESTUAC:"level='asInvoker' uiAccess='false'" /DEBUG /PDB:"E:\C++\uri problem solving\beginner\Sequence of Numbers and Sum\Debug\Sequence of Numbers and Sum.pdb" /SUBSYSTEM:CONSOLE /TLBID:1 /DYNAMICBASE /NXCOMPAT /IMPLIB:"E:\C++\uri problem solving\beginner\Sequence of Numbers and Sum\Debug\Sequence of Numbers and Sum.lib" /MACHINE:X86 "Debug\Sequence of Numbers and Sum.exe.embed.manifest.res"
         "Debug\Sequence of Numbers and Sum.obj"
       Manifest:
         C:\Program Files (x86)\Microsoft SDKs\Windows\v7.0A\bin\mt.exe /nologo /verbose /out:"Debug\Sequence of Numbers and Sum.exe.embed.manifest" /manifest "Debug\Sequence of Numbers and Sum.exe.intermediate.manifest"
         C:\Program Files (x86)\Microsoft SDKs\Windows\v7.0A\bin\rc.exe /nologo /fo"Debug\Sequence of Numbers and Sum.exe.embed.manifest.res" "Debug\Sequence of Numbers and Sum_manifest.rc" 
       LinkEmbedManifest:
         C:\Program Files (x86)\Microsoft Visual Studio 10.0\VC\bin\link.exe /ERRORREPORT:PROMPT /OUT:"E:\C++\uri problem solving\beginner\Sequence of Numbers and Sum\Debug\Sequence of Numbers and Sum.exe" /INCREMENTAL /NOLOGO kernel32.lib user32.lib gdi32.lib winspool.lib comdlg32.lib advapi32.lib shell32.lib ole32.lib oleaut32.lib uuid.lib odbc32.lib odbccp32.lib /MANIFEST /ManifestFile:"Debug\Sequence of Numbers and Sum.exe.intermediate.manifest" /MANIFESTUAC:"level='asInvoker' uiAccess='false'" /DEBUG /PDB:"E:\C++\uri problem solving\beginner\Sequence of Numbers and Sum\Debug\Sequence of Numbers and Sum.pdb" /SUBSYSTEM:CONSOLE /TLBID:1 /DYNAMICBASE /NXCOMPAT /IMPLIB:"E:\C++\uri problem solving\beginner\Sequence of Numbers and Sum\Debug\Sequence of Numbers and Sum.lib" /MACHINE:X86 "Debug\Sequence of Numbers and Sum.exe.embed.manifest.res"
         "Debug\Sequence of Numbers and Sum.obj"
         Sequence of Numbers and Sum.vcxproj -> E:\C++\uri problem solving\beginner\Sequence of Numbers and Sum\Debug\Sequence of Numbers and Sum.exe
       FinalizeBuildStatus:
         Deleting file "Debug\Sequence of Numbers and Sum.unsuccessfulbuild".
         Touching "Debug\Sequence of Numbers and Sum.lastbuildstate".
     1>Done Building Project "E:\C++\uri problem solving\beginner\Sequence of Numbers and Sum\Sequence of Numbers and Sum\Sequence of Numbers and Sum.vcxproj" (build target(s)).

Build succeeded.

Time Elapsed 00:00:01.35
