Build started 04/18/2021 8:17:14 AM.
     1>Project "E:\C++\uri problem solving\beginner\Remaining 2\Remaining 2\Remaining 2.vcxproj" on node 2 (build target(s)).
     1>PrepareForBuild:
         Creating directory "E:\C++\uri problem solving\beginner\Remaining 2\Debug\".
       InitializeBuildStatus:
         Creating "Debug\Remaining 2.unsuccessfulbuild" because "AlwaysCreate" was specified.
       ClCompile:
         C:\Program Files (x86)\Microsoft Visual Studio 10.0\VC\bin\CL.exe /c /ZI /nologo /W3 /WX- /Od /Oy- /D WIN32 /D _DEBUG /D _CONSOLE /D _UNICODE /D UNICODE /Gm /EHsc /RTC1 /MDd /GS /fp:precise /Zc:wchar_t /Zc:forScope /Fo"Debug\\" /Fd"Debug\vc100.pdb" /Gd /TP /analyze- /errorReport:prompt "Remaining 2.cpp"
         Remaining 2.cpp
       ManifestResourceCompile:
         C:\Program Files (x86)\Microsoft SDKs\Windows\v7.0A\bin\rc.exe /nologo /fo"Debug\Remaining 2.exe.embed.manifest.res" "Debug\Remaining 2_manifest.rc" 
       Link:
         C:\Program Files (x86)\Microsoft Visual Studio 10.0\VC\bin\link.exe /ERRORREPORT:PROMPT /OUT:"E:\C++\uri problem solving\beginner\Remaining 2\Debug\Remaining 2.exe" /INCREMENTAL /NOLOGO kernel32.lib user32.lib gdi32.lib winspool.lib comdlg32.lib advapi32.lib shell32.lib ole32.lib oleaut32.lib uuid.lib odbc32.lib odbccp32.lib /MANIFEST /ManifestFile:"Debug\Remaining 2.exe.intermediate.manifest" /MANIFESTUAC:"level='asInvoker' uiAccess='false'" /DEBUG /PDB:"E:\C++\uri problem solving\beginner\Remaining 2\Debug\Remaining 2.pdb" /SUBSYSTEM:CONSOLE /TLBID:1 /DYNAMICBASE /NXCOMPAT /IMPLIB:"E:\C++\uri problem solving\beginner\Remaining 2\Debug\Remaining 2.lib" /MACHINE:X86 "Debug\Remaining 2.exe.embed.manifest.res"
         "Debug\Remaining 2.obj"
       Manifest:
         C:\Program Files (x86)\Microsoft SDKs\Windows\v7.0A\bin\mt.exe /nologo /verbose /out:"Debug\Remaining 2.exe.embed.manifest" /manifest "Debug\Remaining 2.exe.intermediate.manifest"
         C:\Program Files (x86)\Microsoft SDKs\Windows\v7.0A\bin\rc.exe /nologo /fo"Debug\Remaining 2.exe.embed.manifest.res" "Debug\Remaining 2_manifest.rc" 
       LinkEmbedManifest:
         C:\Program Files (x86)\Microsoft Visual Studio 10.0\VC\bin\link.exe /ERRORREPORT:PROMPT /OUT:"E:\C++\uri problem solving\beginner\Remaining 2\Debug\Remaining 2.exe" /INCREMENTAL /NOLOGO kernel32.lib user32.lib gdi32.lib winspool.lib comdlg32.lib advapi32.lib shell32.lib ole32.lib oleaut32.lib uuid.lib odbc32.lib odbccp32.lib /MANIFEST /ManifestFile:"Debug\Remaining 2.exe.intermediate.manifest" /MANIFESTUAC:"level='asInvoker' uiAccess='false'" /DEBUG /PDB:"E:\C++\uri problem solving\beginner\Remaining 2\Debug\Remaining 2.pdb" /SUBSYSTEM:CONSOLE /TLBID:1 /DYNAMICBASE /NXCOMPAT /IMPLIB:"E:\C++\uri problem solving\beginner\Remaining 2\Debug\Remaining 2.lib" /MACHINE:X86 "Debug\Remaining 2.exe.embed.manifest.res"
         "Debug\Remaining 2.obj"
         Remaining 2.vcxproj -> E:\C++\uri problem solving\beginner\Remaining 2\Debug\Remaining 2.exe
       FinalizeBuildStatus:
         Deleting file "Debug\Remaining 2.unsuccessfulbuild".
         Touching "Debug\Remaining 2.lastbuildstate".
     1>Done Building Project "E:\C++\uri problem solving\beginner\Remaining 2\Remaining 2\Remaining 2.vcxproj" (build target(s)).

Build succeeded.

Time Elapsed 00:00:03.45
