Build started 04/24/2021 6:38:55 AM.
     1>Project "E:\C++\uri problem solving\beginner\Experiments\Experiments\Experiments.vcxproj" on node 2 (build target(s)).
     1>InitializeBuildStatus:
         Creating "Debug\Experiments.unsuccessfulbuild" because "AlwaysCreate" was specified.
       ClCompile:
         C:\Program Files (x86)\Microsoft Visual Studio 10.0\VC\bin\CL.exe /c /ZI /nologo /W3 /WX- /Od /Oy- /D WIN32 /D _DEBUG /D _CONSOLE /D _UNICODE /D UNICODE /Gm /EHsc /RTC1 /MDd /GS /fp:precise /Zc:wchar_t /Zc:forScope /Fo"Debug\\" /Fd"Debug\vc100.pdb" /Gd /TP /analyze- /errorReport:prompt Experiments.cpp
         Experiments.cpp
     1>e:\c++\uri problem solving\beginner\experiments\experiments\experiments.cpp(23): warning C4244: '=' : conversion from 'int' to 'float', possible loss of data
       ManifestResourceCompile:
         All outputs are up-to-date.
       Link:
         C:\Program Files (x86)\Microsoft Visual Studio 10.0\VC\bin\link.exe /ERRORREPORT:PROMPT /OUT:"E:\C++\uri problem solving\beginner\Experiments\Debug\Experiments.exe" /INCREMENTAL /NOLOGO kernel32.lib user32.lib gdi32.lib winspool.lib comdlg32.lib advapi32.lib shell32.lib ole32.lib oleaut32.lib uuid.lib odbc32.lib odbccp32.lib /MANIFEST /ManifestFile:"Debug\Experiments.exe.intermediate.manifest" /MANIFESTUAC:"level='asInvoker' uiAccess='false'" /DEBUG /PDB:"E:\C++\uri problem solving\beginner\Experiments\Debug\Experiments.pdb" /SUBSYSTEM:CONSOLE /TLBID:1 /DYNAMICBASE /NXCOMPAT /IMPLIB:"E:\C++\uri problem solving\beginner\Experiments\Debug\Experiments.lib" /MACHINE:X86 Debug\Experiments.exe.embed.manifest.res
         Debug\Experiments.obj
       Manifest:
         C:\Program Files (x86)\Microsoft SDKs\Windows\v7.0A\bin\mt.exe /nologo /verbose /out:"Debug\Experiments.exe.embed.manifest" /manifest Debug\Experiments.exe.intermediate.manifest
         All outputs are up-to-date.
       LinkEmbedManifest:
         All outputs are up-to-date.
         Experiments.vcxproj -> E:\C++\uri problem solving\beginner\Experiments\Debug\Experiments.exe
       FinalizeBuildStatus:
         Deleting file "Debug\Experiments.unsuccessfulbuild".
         Touching "Debug\Experiments.lastbuildstate".
     1>Done Building Project "E:\C++\uri problem solving\beginner\Experiments\Experiments\Experiments.vcxproj" (build target(s)).

Build succeeded.

Time Elapsed 00:00:01.33
