Build started 05/05/2021 11:43:26 AM.
     1>Project "E:\C++\uri problem solving\beginner\Prime Number\Prime Number\Prime Number.vcxproj" on node 2 (build target(s)).
     1>PrepareForBuild:
         Creating directory "E:\C++\uri problem solving\beginner\Prime Number\Debug\".
       InitializeBuildStatus:
         Creating "Debug\Prime Number.unsuccessfulbuild" because "AlwaysCreate" was specified.
       ClCompile:
         C:\Program Files (x86)\Microsoft Visual Studio 10.0\VC\bin\CL.exe /c /ZI /nologo /W3 /WX- /Od /Oy- /D WIN32 /D _DEBUG /D _CONSOLE /D _UNICODE /D UNICODE /Gm /EHsc /RTC1 /MDd /GS /fp:precise /Zc:wchar_t /Zc:forScope /Fo"Debug\\" /Fd"Debug\vc100.pdb" /Gd /TP /analyze- /errorReport:prompt "Prime Number.cpp"
         Prime Number.cpp
       ManifestResourceCompile:
         C:\Program Files (x86)\Microsoft SDKs\Windows\v7.0A\bin\rc.exe /nologo /fo"Debug\Prime Number.exe.embed.manifest.res" "Debug\Prime Number_manifest.rc" 
       Link:
         C:\Program Files (x86)\Microsoft Visual Studio 10.0\VC\bin\link.exe /ERRORREPORT:PROMPT /OUT:"E:\C++\uri problem solving\beginner\Prime Number\Debug\Prime Number.exe" /INCREMENTAL /NOLOGO kernel32.lib user32.lib gdi32.lib winspool.lib comdlg32.lib advapi32.lib shell32.lib ole32.lib oleaut32.lib uuid.lib odbc32.lib odbccp32.lib /MANIFEST /ManifestFile:"Debug\Prime Number.exe.intermediate.manifest" /MANIFESTUAC:"level='asInvoker' uiAccess='false'" /DEBUG /PDB:"E:\C++\uri problem solving\beginner\Prime Number\Debug\Prime Number.pdb" /SUBSYSTEM:CONSOLE /TLBID:1 /DYNAMICBASE /NXCOMPAT /IMPLIB:"E:\C++\uri problem solving\beginner\Prime Number\Debug\Prime Number.lib" /MACHINE:X86 "Debug\Prime Number.exe.embed.manifest.res"
         "Debug\Prime Number.obj"
       Manifest:
         C:\Program Files (x86)\Microsoft SDKs\Windows\v7.0A\bin\mt.exe /nologo /verbose /out:"Debug\Prime Number.exe.embed.manifest" /manifest "Debug\Prime Number.exe.intermediate.manifest"
         C:\Program Files (x86)\Microsoft SDKs\Windows\v7.0A\bin\rc.exe /nologo /fo"Debug\Prime Number.exe.embed.manifest.res" "Debug\Prime Number_manifest.rc" 
       LinkEmbedManifest:
         C:\Program Files (x86)\Microsoft Visual Studio 10.0\VC\bin\link.exe /ERRORREPORT:PROMPT /OUT:"E:\C++\uri problem solving\beginner\Prime Number\Debug\Prime Number.exe" /INCREMENTAL /NOLOGO kernel32.lib user32.lib gdi32.lib winspool.lib comdlg32.lib advapi32.lib shell32.lib ole32.lib oleaut32.lib uuid.lib odbc32.lib odbccp32.lib /MANIFEST /ManifestFile:"Debug\Prime Number.exe.intermediate.manifest" /MANIFESTUAC:"level='asInvoker' uiAccess='false'" /DEBUG /PDB:"E:\C++\uri problem solving\beginner\Prime Number\Debug\Prime Number.pdb" /SUBSYSTEM:CONSOLE /TLBID:1 /DYNAMICBASE /NXCOMPAT /IMPLIB:"E:\C++\uri problem solving\beginner\Prime Number\Debug\Prime Number.lib" /MACHINE:X86 "Debug\Prime Number.exe.embed.manifest.res"
         "Debug\Prime Number.obj"
         Prime Number.vcxproj -> E:\C++\uri problem solving\beginner\Prime Number\Debug\Prime Number.exe
       FinalizeBuildStatus:
         Deleting file "Debug\Prime Number.unsuccessfulbuild".
         Touching "Debug\Prime Number.lastbuildstate".
     1>Done Building Project "E:\C++\uri problem solving\beginner\Prime Number\Prime Number\Prime Number.vcxproj" (build target(s)).

Build succeeded.

Time Elapsed 00:00:02.88
