Build started 04/24/2021 8:46:13 AM.
     1>Project "E:\C++\uri problem solving\beginner\Rest of a Division\Rest of a Division\Rest of a Division.vcxproj" on node 2 (build target(s)).
     1>InitializeBuildStatus:
         Creating "Debug\Rest of a Division.unsuccessfulbuild" because "AlwaysCreate" was specified.
       ClCompile:
         C:\Program Files (x86)\Microsoft Visual Studio 10.0\VC\bin\CL.exe /c /ZI /nologo /W3 /WX- /Od /Oy- /D WIN32 /D _DEBUG /D _CONSOLE /D _UNICODE /D UNICODE /Gm /EHsc /RTC1 /MDd /GS /fp:precise /Zc:wchar_t /Zc:forScope /Fo"Debug\\" /Fd"Debug\vc100.pdb" /Gd /TP /analyze- /errorReport:prompt "Rest of a Division.cpp"
         Rest of a Division.cpp
       ManifestResourceCompile:
         All outputs are up-to-date.
       Link:
         C:\Program Files (x86)\Microsoft Visual Studio 10.0\VC\bin\link.exe /ERRORREPORT:PROMPT /OUT:"E:\C++\uri problem solving\beginner\Rest of a Division\Debug\Rest of a Division.exe" /INCREMENTAL /NOLOGO kernel32.lib user32.lib gdi32.lib winspool.lib comdlg32.lib advapi32.lib shell32.lib ole32.lib oleaut32.lib uuid.lib odbc32.lib odbccp32.lib /MANIFEST /ManifestFile:"Debug\Rest of a Division.exe.intermediate.manifest" /MANIFESTUAC:"level='asInvoker' uiAccess='false'" /DEBUG /PDB:"E:\C++\uri problem solving\beginner\Rest of a Division\Debug\Rest of a Division.pdb" /SUBSYSTEM:CONSOLE /TLBID:1 /DYNAMICBASE /NXCOMPAT /IMPLIB:"E:\C++\uri problem solving\beginner\Rest of a Division\Debug\Rest of a Division.lib" /MACHINE:X86 "Debug\Rest of a Division.exe.embed.manifest.res"
         "Debug\Rest of a Division.obj"
       Manifest:
         C:\Program Files (x86)\Microsoft SDKs\Windows\v7.0A\bin\mt.exe /nologo /verbose /out:"Debug\Rest of a Division.exe.embed.manifest" /manifest "Debug\Rest of a Division.exe.intermediate.manifest"
         All outputs are up-to-date.
       LinkEmbedManifest:
         All outputs are up-to-date.
         Rest of a Division.vcxproj -> E:\C++\uri problem solving\beginner\Rest of a Division\Debug\Rest of a Division.exe
       FinalizeBuildStatus:
         Deleting file "Debug\Rest of a Division.unsuccessfulbuild".
         Touching "Debug\Rest of a Division.lastbuildstate".
     1>Done Building Project "E:\C++\uri problem solving\beginner\Rest of a Division\Rest of a Division\Rest of a Division.vcxproj" (build target(s)).

Build succeeded.

Time Elapsed 00:00:00.71
