Build started 05/04/2021 6:10:20 PM.
     1>Project "E:\C++\uri problem solving\beginner\Ages\Ages\Ages.vcxproj" on node 2 (build target(s)).
     1>InitializeBuildStatus:
         Creating "Debug\Ages.unsuccessfulbuild" because "AlwaysCreate" was specified.
       ClCompile:
         C:\Program Files (x86)\Microsoft Visual Studio 10.0\VC\bin\CL.exe /c /ZI /nologo /W3 /WX- /Od /Oy- /D WIN32 /D _DEBUG /D _CONSOLE /D _UNICODE /D UNICODE /Gm /EHsc /RTC1 /MDd /GS /fp:precise /Zc:wchar_t /Zc:forScope /Fo"Debug\\" /Fd"Debug\vc100.pdb" /Gd /TP /analyze- /errorReport:prompt Ages.cpp
         Ages.cpp
       ManifestResourceCompile:
         All outputs are up-to-date.
       Link:
         C:\Program Files (x86)\Microsoft Visual Studio 10.0\VC\bin\link.exe /ERRORREPORT:PROMPT /OUT:"E:\C++\uri problem solving\beginner\Ages\Debug\Ages.exe" /INCREMENTAL /NOLOGO kernel32.lib user32.lib gdi32.lib winspool.lib comdlg32.lib advapi32.lib shell32.lib ole32.lib oleaut32.lib uuid.lib odbc32.lib odbccp32.lib /MANIFEST /ManifestFile:"Debug\Ages.exe.intermediate.manifest" /MANIFESTUAC:"level='asInvoker' uiAccess='false'" /DEBUG /PDB:"E:\C++\uri problem solving\beginner\Ages\Debug\Ages.pdb" /SUBSYSTEM:CONSOLE /TLBID:1 /DYNAMICBASE /NXCOMPAT /IMPLIB:"E:\C++\uri problem solving\beginner\Ages\Debug\Ages.lib" /MACHINE:X86 Debug\Ages.exe.embed.manifest.res
         Debug\Ages.obj
       Manifest:
         C:\Program Files (x86)\Microsoft SDKs\Windows\v7.0A\bin\mt.exe /nologo /verbose /out:"Debug\Ages.exe.embed.manifest" /manifest Debug\Ages.exe.intermediate.manifest
         All outputs are up-to-date.
       LinkEmbedManifest:
         All outputs are up-to-date.
         Ages.vcxproj -> E:\C++\uri problem solving\beginner\Ages\Debug\Ages.exe
       FinalizeBuildStatus:
         Deleting file "Debug\Ages.unsuccessfulbuild".
         Touching "Debug\Ages.lastbuildstate".
     1>Done Building Project "E:\C++\uri problem solving\beginner\Ages\Ages\Ages.vcxproj" (build target(s)).

Build succeeded.

Time Elapsed 00:00:01.69
