Build started 04/02/2021 3:03:46 AM.
     1>Project "E:\C++\uri problem solving\beginner\Area of a Circle\Average 1\Average 1\Average 1\Average 1.vcxproj" on node 2 (build target(s)).
     1>InitializeBuildStatus:
         Creating "Debug\Average 1.unsuccessfulbuild" because "AlwaysCreate" was specified.
       ClCompile:
         C:\Program Files (x86)\Microsoft Visual Studio 10.0\VC\bin\CL.exe /c /ZI /nologo /W3 /WX- /Od /Oy- /D WIN32 /D _DEBUG /D _CONSOLE /D _UNICODE /D UNICODE /Gm /EHsc /RTC1 /MDd /GS /fp:precise /Zc:wchar_t /Zc:forScope /Fo"Debug\\" /Fd"Debug\vc100.pdb" /Gd /TP /analyze- /errorReport:prompt "Average 1.cpp"
         Average 1.cpp
     1>e:\c++\uri problem solving\beginner\area of a circle\average 1\average 1\average 1\average 1.cpp(7): warning C4244: '=' : conversion from 'double' to 'float', possible loss of data
       ManifestResourceCompile:
         All outputs are up-to-date.
       Link:
         C:\Program Files (x86)\Microsoft Visual Studio 10.0\VC\bin\link.exe /ERRORREPORT:PROMPT /OUT:"E:\C++\uri problem solving\beginner\Area of a Circle\Average 1\Average 1\Debug\Average 1.exe" /INCREMENTAL /NOLOGO kernel32.lib user32.lib gdi32.lib winspool.lib comdlg32.lib advapi32.lib shell32.lib ole32.lib oleaut32.lib uuid.lib odbc32.lib odbccp32.lib /MANIFEST /ManifestFile:"Debug\Average 1.exe.intermediate.manifest" /MANIFESTUAC:"level='asInvoker' uiAccess='false'" /DEBUG /PDB:"E:\C++\uri problem solving\beginner\Area of a Circle\Average 1\Average 1\Debug\Average 1.pdb" /SUBSYSTEM:CONSOLE /TLBID:1 /DYNAMICBASE /NXCOMPAT /IMPLIB:"E:\C++\uri problem solving\beginner\Area of a Circle\Average 1\Average 1\Debug\Average 1.lib" /MACHINE:X86 "Debug\Average 1.exe.embed.manifest.res"
         "Debug\Average 1.obj"
       Manifest:
         C:\Program Files (x86)\Microsoft SDKs\Windows\v7.0A\bin\mt.exe /nologo /verbose /out:"Debug\Average 1.exe.embed.manifest" /manifest "Debug\Average 1.exe.intermediate.manifest"
         All outputs are up-to-date.
       LinkEmbedManifest:
         All outputs are up-to-date.
         Average 1.vcxproj -> E:\C++\uri problem solving\beginner\Area of a Circle\Average 1\Average 1\Debug\Average 1.exe
       FinalizeBuildStatus:
         Deleting file "Debug\Average 1.unsuccessfulbuild".
         Touching "Debug\Average 1.lastbuildstate".
     1>Done Building Project "E:\C++\uri problem solving\beginner\Area of a Circle\Average 1\Average 1\Average 1\Average 1.vcxproj" (build target(s)).

Build succeeded.

Time Elapsed 00:00:00.82
