Build started 04/02/2021 2:33:57 AM.
     1>Project "E:\C++\uri problem solving\beginner\Area of a Circle\Area of a Circle\Area of a Circle\Area of a Circle.vcxproj" on node 2 (build target(s)).
     1>InitializeBuildStatus:
         Creating "Debug\Area of a Circle.unsuccessfulbuild" because "AlwaysCreate" was specified.
       ClCompile:
         C:\Program Files (x86)\Microsoft Visual Studio 10.0\VC\bin\CL.exe /c /ZI /nologo /W3 /WX- /Od /Oy- /D WIN32 /D _DEBUG /D _CONSOLE /D _UNICODE /D UNICODE /Gm /EHsc /RTC1 /MDd /GS /fp:precise /Zc:wchar_t /Zc:forScope /Fo"Debug\\" /Fd"Debug\vc100.pdb" /Gd /TP /analyze- /errorReport:prompt "Area of a Circle.cpp"
         Area of a Circle.cpp
       ManifestResourceCompile:
         All outputs are up-to-date.
       Link:
         C:\Program Files (x86)\Microsoft Visual Studio 10.0\VC\bin\link.exe /ERRORREPORT:PROMPT /OUT:"E:\C++\uri problem solving\beginner\Area of a Circle\Area of a Circle\Debug\Area of a Circle.exe" /INCREMENTAL /NOLOGO kernel32.lib user32.lib gdi32.lib winspool.lib comdlg32.lib advapi32.lib shell32.lib ole32.lib oleaut32.lib uuid.lib odbc32.lib odbccp32.lib /MANIFEST /ManifestFile:"Debug\Area of a Circle.exe.intermediate.manifest" /MANIFESTUAC:"level='asInvoker' uiAccess='false'" /DEBUG /PDB:"E:\C++\uri problem solving\beginner\Area of a Circle\Area of a Circle\Debug\Area of a Circle.pdb" /SUBSYSTEM:CONSOLE /TLBID:1 /DYNAMICBASE /NXCOMPAT /IMPLIB:"E:\C++\uri problem solving\beginner\Area of a Circle\Area of a Circle\Debug\Area of a Circle.lib" /MACHINE:X86 "Debug\Area of a Circle.exe.embed.manifest.res"
         "Debug\Area of a Circle.obj"
       Manifest:
         C:\Program Files (x86)\Microsoft SDKs\Windows\v7.0A\bin\mt.exe /nologo /verbose /out:"Debug\Area of a Circle.exe.embed.manifest" /manifest "Debug\Area of a Circle.exe.intermediate.manifest"
         All outputs are up-to-date.
       LinkEmbedManifest:
         All outputs are up-to-date.
         Area of a Circle.vcxproj -> E:\C++\uri problem solving\beginner\Area of a Circle\Area of a Circle\Debug\Area of a Circle.exe
       FinalizeBuildStatus:
         Deleting file "Debug\Area of a Circle.unsuccessfulbuild".
         Touching "Debug\Area of a Circle.lastbuildstate".
     1>Done Building Project "E:\C++\uri problem solving\beginner\Area of a Circle\Area of a Circle\Area of a Circle\Area of a Circle.vcxproj" (build target(s)).

Build succeeded.

Time Elapsed 00:00:00.75
