Build started 04/16/2021 4:22:28 AM.
     1>Project "E:\C++\uri problem solving\beginner\Even, Odd, Positive and Negative\Even, Odd, Positive and Negative\Even, Odd, Positive and Negative.vcxproj" on node 2 (build target(s)).
     1>InitializeBuildStatus:
         Creating "Debug\Even, Odd, Positive and Negative.unsuccessfulbuild" because "AlwaysCreate" was specified.
       ClCompile:
         C:\Program Files (x86)\Microsoft Visual Studio 10.0\VC\bin\CL.exe /c /ZI /nologo /W3 /WX- /Od /Oy- /D WIN32 /D _DEBUG /D _CONSOLE /D _UNICODE /D UNICODE /Gm /EHsc /RTC1 /MDd /GS /fp:precise /Zc:wchar_t /Zc:forScope /Fo"Debug\\" /Fd"Debug\vc100.pdb" /Gd /TP /analyze- /errorReport:prompt "Even, Odd, Positive and Negative.cpp"
         Even, Odd, Positive and Negative.cpp
       ManifestResourceCompile:
         All outputs are up-to-date.
       Link:
         C:\Program Files (x86)\Microsoft Visual Studio 10.0\VC\bin\link.exe /ERRORREPORT:PROMPT /OUT:"E:\C++\uri problem solving\beginner\Even, Odd, Positive and Negative\Debug\Even, Odd, Positive and Negative.exe" /INCREMENTAL /NOLOGO kernel32.lib user32.lib gdi32.lib winspool.lib comdlg32.lib advapi32.lib shell32.lib ole32.lib oleaut32.lib uuid.lib odbc32.lib odbccp32.lib /MANIFEST /ManifestFile:"Debug\Even, Odd, Positive and Negative.exe.intermediate.manifest" /MANIFESTUAC:"level='asInvoker' uiAccess='false'" /DEBUG /PDB:"E:\C++\uri problem solving\beginner\Even, Odd, Positive and Negative\Debug\Even, Odd, Positive and Negative.pdb" /SUBSYSTEM:CONSOLE /TLBID:1 /DYNAMICBASE /NXCOMPAT /IMPLIB:"E:\C++\uri problem solving\beginner\Even, Odd, Positive and Negative\Debug\Even, Odd, Positive and Negative.lib" /MACHINE:X86 "Debug\Even, Odd, Positive and Negative.exe.embed.manifest.res"
         "Debug\Even, Odd, Positive and Negative.obj"
       Manifest:
         C:\Program Files (x86)\Microsoft SDKs\Windows\v7.0A\bin\mt.exe /nologo /verbose /out:"Debug\Even, Odd, Positive and Negative.exe.embed.manifest" /manifest "Debug\Even, Odd, Positive and Negative.exe.intermediate.manifest"
         All outputs are up-to-date.
       LinkEmbedManifest:
         All outputs are up-to-date.
         Even, Odd, Positive and Negative.vcxproj -> E:\C++\uri problem solving\beginner\Even, Odd, Positive and Negative\Debug\Even, Odd, Positive and Negative.exe
       FinalizeBuildStatus:
         Deleting file "Debug\Even, Odd, Positive and Negative.unsuccessfulbuild".
         Touching "Debug\Even, Odd, Positive and Negative.lastbuildstate".
     1>Done Building Project "E:\C++\uri problem solving\beginner\Even, Odd, Positive and Negative\Even, Odd, Positive and Negative\Even, Odd, Positive and Negative.vcxproj" (build target(s)).

Build succeeded.

Time Elapsed 00:00:00.79
