Build started 04/06/2021 7:08:26 PM.
     1>Project "E:\C++\uri problem solving\beginner\Bhaskara's Formula\Bhaskara's Formula\Bhaskara's Formula.vcxproj" on node 2 (build target(s)).
     1>InitializeBuildStatus:
         Creating "Debug\Bhaskara's Formula.unsuccessfulbuild" because "AlwaysCreate" was specified.
       ClCompile:
         C:\Program Files (x86)\Microsoft Visual Studio 10.0\VC\bin\CL.exe /c /ZI /nologo /W3 /WX- /Od /Oy- /D WIN32 /D _DEBUG /D _CONSOLE /D _UNICODE /D UNICODE /Gm /EHsc /RTC1 /MDd /GS /fp:precise /Zc:wchar_t /Zc:forScope /Fo"Debug\\" /Fd"Debug\vc100.pdb" /Gd /TP /analyze- /errorReport:prompt "..\..\Bhaskara's Formula\Bhaskara's Formula\Bhaskara's Formula.cpp"
         Bhaskara's Formula.cpp
       ManifestResourceCompile:
         All outputs are up-to-date.
       Link:
         C:\Program Files (x86)\Microsoft Visual Studio 10.0\VC\bin\link.exe /ERRORREPORT:PROMPT /OUT:"E:\C++\uri problem solving\beginner\Bhaskara's Formula\Debug\Bhaskara's Formula.exe" /INCREMENTAL /NOLOGO kernel32.lib user32.lib gdi32.lib winspool.lib comdlg32.lib advapi32.lib shell32.lib ole32.lib oleaut32.lib uuid.lib odbc32.lib odbccp32.lib /MANIFEST /ManifestFile:"Debug\Bhaskara's Formula.exe.intermediate.manifest" /MANIFESTUAC:"level='asInvoker' uiAccess='false'" /DEBUG /PDB:"E:\C++\uri problem solving\beginner\Bhaskara's Formula\Debug\Bhaskara's Formula.pdb" /SUBSYSTEM:CONSOLE /TLBID:1 /DYNAMICBASE /NXCOMPAT /IMPLIB:"E:\C++\uri problem solving\beginner\Bhaskara's Formula\Debug\Bhaskara's Formula.lib" /MACHINE:X86 "Debug\Bhaskara's Formula.exe.embed.manifest.res"
         "Debug\Bhaskara's Formula.obj"
       Manifest:
         C:\Program Files (x86)\Microsoft SDKs\Windows\v7.0A\bin\mt.exe /nologo /verbose /out:"Debug\Bhaskara's Formula.exe.embed.manifest" /manifest "Debug\Bhaskara's Formula.exe.intermediate.manifest"
         All outputs are up-to-date.
       LinkEmbedManifest:
         All outputs are up-to-date.
         Bhaskara's Formula.vcxproj -> E:\C++\uri problem solving\beginner\Bhaskara's Formula\Debug\Bhaskara's Formula.exe
       FinalizeBuildStatus:
         Deleting file "Debug\Bhaskara's Formula.unsuccessfulbuild".
         Touching "Debug\Bhaskara's Formula.lastbuildstate".
     1>Done Building Project "E:\C++\uri problem solving\beginner\Bhaskara's Formula\Bhaskara's Formula\Bhaskara's Formula.vcxproj" (build target(s)).

Build succeeded.

Time Elapsed 00:00:02.23
