Build started 04/05/2021 11:25:55 PM.
     1>Project "E:\C++\uri problem solving\beginner\Fuel Spent\Fuel Spent\Fuel Spent.vcxproj" on node 2 (build target(s)).
     1>InitializeBuildStatus:
         Creating "Debug\Fuel Spent.unsuccessfulbuild" because "AlwaysCreate" was specified.
       ClCompile:
         C:\Program Files (x86)\Microsoft Visual Studio 10.0\VC\bin\CL.exe /c /ZI /nologo /W3 /WX- /Od /Oy- /D WIN32 /D _DEBUG /D _CONSOLE /D _UNICODE /D UNICODE /Gm /EHsc /RTC1 /MDd /GS /fp:precise /Zc:wchar_t /Zc:forScope /Fo"Debug\\" /Fd"Debug\vc100.pdb" /Gd /TP /analyze- /errorReport:prompt "Fuel Spent.cpp"
         Fuel Spent.cpp
       ManifestResourceCompile:
         All outputs are up-to-date.
       Link:
         C:\Program Files (x86)\Microsoft Visual Studio 10.0\VC\bin\link.exe /ERRORREPORT:PROMPT /OUT:"E:\C++\uri problem solving\beginner\Fuel Spent\Debug\Fuel Spent.exe" /INCREMENTAL /NOLOGO kernel32.lib user32.lib gdi32.lib winspool.lib comdlg32.lib advapi32.lib shell32.lib ole32.lib oleaut32.lib uuid.lib odbc32.lib odbccp32.lib /MANIFEST /ManifestFile:"Debug\Fuel Spent.exe.intermediate.manifest" /MANIFESTUAC:"level='asInvoker' uiAccess='false'" /DEBUG /PDB:"E:\C++\uri problem solving\beginner\Fuel Spent\Debug\Fuel Spent.pdb" /SUBSYSTEM:CONSOLE /TLBID:1 /DYNAMICBASE /NXCOMPAT /IMPLIB:"E:\C++\uri problem solving\beginner\Fuel Spent\Debug\Fuel Spent.lib" /MACHINE:X86 "Debug\Fuel Spent.exe.embed.manifest.res"
         "Debug\Fuel Spent.obj"
       Manifest:
         C:\Program Files (x86)\Microsoft SDKs\Windows\v7.0A\bin\mt.exe /nologo /verbose /out:"Debug\Fuel Spent.exe.embed.manifest" /manifest "Debug\Fuel Spent.exe.intermediate.manifest"
         All outputs are up-to-date.
       LinkEmbedManifest:
         All outputs are up-to-date.
         Fuel Spent.vcxproj -> E:\C++\uri problem solving\beginner\Fuel Spent\Debug\Fuel Spent.exe
       FinalizeBuildStatus:
         Deleting file "Debug\Fuel Spent.unsuccessfulbuild".
         Touching "Debug\Fuel Spent.lastbuildstate".
     1>Done Building Project "E:\C++\uri problem solving\beginner\Fuel Spent\Fuel Spent\Fuel Spent.vcxproj" (build target(s)).

Build succeeded.

Time Elapsed 00:00:02.48
