Build started 04/05/2021 11:48:12 PM.
     1>Project "E:\C++\uri problem solving\beginner\Time Conversion\Time Conversion\Time Conversion.vcxproj" on node 2 (build target(s)).
     1>PrepareForBuild:
         Creating directory "E:\C++\uri problem solving\beginner\Time Conversion\Debug\".
       InitializeBuildStatus:
         Creating "Debug\Time Conversion.unsuccessfulbuild" because "AlwaysCreate" was specified.
       ClCompile:
         C:\Program Files (x86)\Microsoft Visual Studio 10.0\VC\bin\CL.exe /c /ZI /nologo /W3 /WX- /Od /Oy- /D WIN32 /D _DEBUG /D _CONSOLE /D _UNICODE /D UNICODE /Gm /EHsc /RTC1 /MDd /GS /fp:precise /Zc:wchar_t /Zc:forScope /Fo"Debug\\" /Fd"Debug\vc100.pdb" /Gd /TP /analyze- /errorReport:prompt "Time Conversion.cpp"
         Time Conversion.cpp
       ManifestResourceCompile:
         C:\Program Files (x86)\Microsoft SDKs\Windows\v7.0A\bin\rc.exe /nologo /fo"Debug\Time Conversion.exe.embed.manifest.res" "Debug\Time Conversion_manifest.rc" 
       Link:
         C:\Program Files (x86)\Microsoft Visual Studio 10.0\VC\bin\link.exe /ERRORREPORT:PROMPT /OUT:"E:\C++\uri problem solving\beginner\Time Conversion\Debug\Time Conversion.exe" /INCREMENTAL /NOLOGO kernel32.lib user32.lib gdi32.lib winspool.lib comdlg32.lib advapi32.lib shell32.lib ole32.lib oleaut32.lib uuid.lib odbc32.lib odbccp32.lib /MANIFEST /ManifestFile:"Debug\Time Conversion.exe.intermediate.manifest" /MANIFESTUAC:"level='asInvoker' uiAccess='false'" /DEBUG /PDB:"E:\C++\uri problem solving\beginner\Time Conversion\Debug\Time Conversion.pdb" /SUBSYSTEM:CONSOLE /TLBID:1 /DYNAMICBASE /NXCOMPAT /IMPLIB:"E:\C++\uri problem solving\beginner\Time Conversion\Debug\Time Conversion.lib" /MACHINE:X86 "Debug\Time Conversion.exe.embed.manifest.res"
         "Debug\Time Conversion.obj"
       Manifest:
         C:\Program Files (x86)\Microsoft SDKs\Windows\v7.0A\bin\mt.exe /nologo /verbose /out:"Debug\Time Conversion.exe.embed.manifest" /manifest "Debug\Time Conversion.exe.intermediate.manifest"
         C:\Program Files (x86)\Microsoft SDKs\Windows\v7.0A\bin\rc.exe /nologo /fo"Debug\Time Conversion.exe.embed.manifest.res" "Debug\Time Conversion_manifest.rc" 
       LinkEmbedManifest:
         C:\Program Files (x86)\Microsoft Visual Studio 10.0\VC\bin\link.exe /ERRORREPORT:PROMPT /OUT:"E:\C++\uri problem solving\beginner\Time Conversion\Debug\Time Conversion.exe" /INCREMENTAL /NOLOGO kernel32.lib user32.lib gdi32.lib winspool.lib comdlg32.lib advapi32.lib shell32.lib ole32.lib oleaut32.lib uuid.lib odbc32.lib odbccp32.lib /MANIFEST /ManifestFile:"Debug\Time Conversion.exe.intermediate.manifest" /MANIFESTUAC:"level='asInvoker' uiAccess='false'" /DEBUG /PDB:"E:\C++\uri problem solving\beginner\Time Conversion\Debug\Time Conversion.pdb" /SUBSYSTEM:CONSOLE /TLBID:1 /DYNAMICBASE /NXCOMPAT /IMPLIB:"E:\C++\uri problem solving\beginner\Time Conversion\Debug\Time Conversion.lib" /MACHINE:X86 "Debug\Time Conversion.exe.embed.manifest.res"
         "Debug\Time Conversion.obj"
         Time Conversion.vcxproj -> E:\C++\uri problem solving\beginner\Time Conversion\Debug\Time Conversion.exe
       FinalizeBuildStatus:
         Deleting file "Debug\Time Conversion.unsuccessfulbuild".
         Touching "Debug\Time Conversion.lastbuildstate".
     1>Done Building Project "E:\C++\uri problem solving\beginner\Time Conversion\Time Conversion\Time Conversion.vcxproj" (build target(s)).

Build succeeded.

Time Elapsed 00:00:03.14
