Build started 04/14/2021 8:19:29 PM.
     1>Project "E:\C++\uri problem solving\beginner\Average 3\Average 3\Average 3.vcxproj" on node 2 (build target(s)).
     1>InitializeBuildStatus:
         Creating "Debug\Average 3.unsuccessfulbuild" because "AlwaysCreate" was specified.
       ClCompile:
         C:\Program Files (x86)\Microsoft Visual Studio 10.0\VC\bin\CL.exe /c /ZI /nologo /W3 /WX- /Od /Oy- /D WIN32 /D _DEBUG /D _CONSOLE /D _UNICODE /D UNICODE /Gm /EHsc /RTC1 /MDd /GS /fp:precise /Zc:wchar_t /Zc:forScope /Fo"Debug\\" /Fd"Debug\vc100.pdb" /Gd /TP /analyze- /errorReport:prompt "Average 3.cpp"
         Average 3.cpp
       ManifestResourceCompile:
         All outputs are up-to-date.
       Link:
         C:\Program Files (x86)\Microsoft Visual Studio 10.0\VC\bin\link.exe /ERRORREPORT:PROMPT /OUT:"E:\C++\uri problem solving\beginner\Average 3\Debug\Average 3.exe" /INCREMENTAL /NOLOGO kernel32.lib user32.lib gdi32.lib winspool.lib comdlg32.lib advapi32.lib shell32.lib ole32.lib oleaut32.lib uuid.lib odbc32.lib odbccp32.lib /MANIFEST /ManifestFile:"Debug\Average 3.exe.intermediate.manifest" /MANIFESTUAC:"level='asInvoker' uiAccess='false'" /DEBUG /PDB:"E:\C++\uri problem solving\beginner\Average 3\Debug\Average 3.pdb" /SUBSYSTEM:CONSOLE /TLBID:1 /DYNAMICBASE /NXCOMPAT /IMPLIB:"E:\C++\uri problem solving\beginner\Average 3\Debug\Average 3.lib" /MACHINE:X86 "Debug\Average 3.exe.embed.manifest.res"
         "Debug\Average 3.obj"
       Manifest:
         C:\Program Files (x86)\Microsoft SDKs\Windows\v7.0A\bin\mt.exe /nologo /verbose /out:"Debug\Average 3.exe.embed.manifest" /manifest "Debug\Average 3.exe.intermediate.manifest"
         All outputs are up-to-date.
       LinkEmbedManifest:
         All outputs are up-to-date.
         Average 3.vcxproj -> E:\C++\uri problem solving\beginner\Average 3\Debug\Average 3.exe
       FinalizeBuildStatus:
         Deleting file "Debug\Average 3.unsuccessfulbuild".
         Touching "Debug\Average 3.lastbuildstate".
     1>Done Building Project "E:\C++\uri problem solving\beginner\Average 3\Average 3\Average 3.vcxproj" (build target(s)).

Build succeeded.

Time Elapsed 00:00:02.00
