Build started 04/15/2021 7:55:47 PM.
     1>Project "E:\C++\uri problem solving\beginner\Animal\Animal\Animal.vcxproj" on node 2 (build target(s)).
     1>InitializeBuildStatus:
         Creating "Debug\Animal.unsuccessfulbuild" because "AlwaysCreate" was specified.
       ClCompile:
         C:\Program Files (x86)\Microsoft Visual Studio 10.0\VC\bin\CL.exe /c /ZI /nologo /W3 /WX- /Od /Oy- /D WIN32 /D _DEBUG /D _CONSOLE /D _UNICODE /D UNICODE /Gm /EHsc /RTC1 /MDd /GS /fp:precise /Zc:wchar_t /Zc:forScope /Fo"Debug\\" /Fd"Debug\vc100.pdb" /Gd /TP /analyze- /errorReport:prompt Animal.cpp
         Animal.cpp
       ManifestResourceCompile:
         All outputs are up-to-date.
       Link:
         C:\Program Files (x86)\Microsoft Visual Studio 10.0\VC\bin\link.exe /ERRORREPORT:PROMPT /OUT:"E:\C++\uri problem solving\beginner\Animal\Debug\Animal.exe" /INCREMENTAL /NOLOGO kernel32.lib user32.lib gdi32.lib winspool.lib comdlg32.lib advapi32.lib shell32.lib ole32.lib oleaut32.lib uuid.lib odbc32.lib odbccp32.lib /MANIFEST /ManifestFile:"Debug\Animal.exe.intermediate.manifest" /MANIFESTUAC:"level='asInvoker' uiAccess='false'" /DEBUG /PDB:"E:\C++\uri problem solving\beginner\Animal\Debug\Animal.pdb" /SUBSYSTEM:CONSOLE /TLBID:1 /DYNAMICBASE /NXCOMPAT /IMPLIB:"E:\C++\uri problem solving\beginner\Animal\Debug\Animal.lib" /MACHINE:X86 Debug\Animal.exe.embed.manifest.res
         Debug\Animal.obj
       Manifest:
         C:\Program Files (x86)\Microsoft SDKs\Windows\v7.0A\bin\mt.exe /nologo /verbose /out:"Debug\Animal.exe.embed.manifest" /manifest Debug\Animal.exe.intermediate.manifest
         All outputs are up-to-date.
       LinkEmbedManifest:
         All outputs are up-to-date.
         Animal.vcxproj -> E:\C++\uri problem solving\beginner\Animal\Debug\Animal.exe
       FinalizeBuildStatus:
         Deleting file "Debug\Animal.unsuccessfulbuild".
         Touching "Debug\Animal.lastbuildstate".
     1>Done Building Project "E:\C++\uri problem solving\beginner\Animal\Animal\Animal.vcxproj" (build target(s)).

Build succeeded.

Time Elapsed 00:00:02.29
