Build started 04/18/2021 8:13:42 AM.
     1>Project "E:\C++\uri problem solving\beginner\Even or Odd\Even or Odd\Even or Odd.vcxproj" on node 2 (build target(s)).
     1>PrepareForBuild:
         Creating directory "E:\C++\uri problem solving\beginner\Even or Odd\Debug\".
       InitializeBuildStatus:
         Creating "Debug\Even or Odd.unsuccessfulbuild" because "AlwaysCreate" was specified.
       ClCompile:
         C:\Program Files (x86)\Microsoft Visual Studio 10.0\VC\bin\CL.exe /c /ZI /nologo /W3 /WX- /Od /Oy- /D WIN32 /D _DEBUG /D _CONSOLE /D _UNICODE /D UNICODE /Gm /EHsc /RTC1 /MDd /GS /fp:precise /Zc:wchar_t /Zc:forScope /Fo"Debug\\" /Fd"Debug\vc100.pdb" /Gd /TP /analyze- /errorReport:prompt "Even or Odd.cpp"
         Even or Odd.cpp
       ManifestResourceCompile:
         C:\Program Files (x86)\Microsoft SDKs\Windows\v7.0A\bin\rc.exe /nologo /fo"Debug\Even or Odd.exe.embed.manifest.res" "Debug\Even or Odd_manifest.rc" 
       Link:
         C:\Program Files (x86)\Microsoft Visual Studio 10.0\VC\bin\link.exe /ERRORREPORT:PROMPT /OUT:"E:\C++\uri problem solving\beginner\Even or Odd\Debug\Even or Odd.exe" /INCREMENTAL /NOLOGO kernel32.lib user32.lib gdi32.lib winspool.lib comdlg32.lib advapi32.lib shell32.lib ole32.lib oleaut32.lib uuid.lib odbc32.lib odbccp32.lib /MANIFEST /ManifestFile:"Debug\Even or Odd.exe.intermediate.manifest" /MANIFESTUAC:"level='asInvoker' uiAccess='false'" /DEBUG /PDB:"E:\C++\uri problem solving\beginner\Even or Odd\Debug\Even or Odd.pdb" /SUBSYSTEM:CONSOLE /TLBID:1 /DYNAMICBASE /NXCOMPAT /IMPLIB:"E:\C++\uri problem solving\beginner\Even or Odd\Debug\Even or Odd.lib" /MACHINE:X86 "Debug\Even or Odd.exe.embed.manifest.res"
         "Debug\Even or Odd.obj"
       Manifest:
         C:\Program Files (x86)\Microsoft SDKs\Windows\v7.0A\bin\mt.exe /nologo /verbose /out:"Debug\Even or Odd.exe.embed.manifest" /manifest "Debug\Even or Odd.exe.intermediate.manifest"
         C:\Program Files (x86)\Microsoft SDKs\Windows\v7.0A\bin\rc.exe /nologo /fo"Debug\Even or Odd.exe.embed.manifest.res" "Debug\Even or Odd_manifest.rc" 
       LinkEmbedManifest:
         C:\Program Files (x86)\Microsoft Visual Studio 10.0\VC\bin\link.exe /ERRORREPORT:PROMPT /OUT:"E:\C++\uri problem solving\beginner\Even or Odd\Debug\Even or Odd.exe" /INCREMENTAL /NOLOGO kernel32.lib user32.lib gdi32.lib winspool.lib comdlg32.lib advapi32.lib shell32.lib ole32.lib oleaut32.lib uuid.lib odbc32.lib odbccp32.lib /MANIFEST /ManifestFile:"Debug\Even or Odd.exe.intermediate.manifest" /MANIFESTUAC:"level='asInvoker' uiAccess='false'" /DEBUG /PDB:"E:\C++\uri problem solving\beginner\Even or Odd\Debug\Even or Odd.pdb" /SUBSYSTEM:CONSOLE /TLBID:1 /DYNAMICBASE /NXCOMPAT /IMPLIB:"E:\C++\uri problem solving\beginner\Even or Odd\Debug\Even or Odd.lib" /MACHINE:X86 "Debug\Even or Odd.exe.embed.manifest.res"
         "Debug\Even or Odd.obj"
         Even or Odd.vcxproj -> E:\C++\uri problem solving\beginner\Even or Odd\Debug\Even or Odd.exe
       FinalizeBuildStatus:
         Deleting file "Debug\Even or Odd.unsuccessfulbuild".
         Touching "Debug\Even or Odd.lastbuildstate".
     1>Done Building Project "E:\C++\uri problem solving\beginner\Even or Odd\Even or Odd\Even or Odd.vcxproj" (build target(s)).

Build succeeded.

Time Elapsed 00:00:07.94
