Build started 05/05/2021 11:06:28 AM.
     1>Project "E:\C++\uri problem solving\beginner\Population Increase\Population Increase\Population Increase.vcxproj" on node 2 (build target(s)).
     1>InitializeBuildStatus:
         Creating "Debug\Population Increase.unsuccessfulbuild" because "AlwaysCreate" was specified.
       ClCompile:
         C:\Program Files (x86)\Microsoft Visual Studio 10.0\VC\bin\CL.exe /c /ZI /nologo /W3 /WX- /Od /Oy- /D WIN32 /D _DEBUG /D _CONSOLE /D _UNICODE /D UNICODE /Gm /EHsc /RTC1 /MDd /GS /fp:precise /Zc:wchar_t /Zc:forScope /Fo"Debug\\" /Fd"Debug\vc100.pdb" /Gd /TP /analyze- /errorReport:prompt "Population Increase.cpp"
         Population Increase.cpp
     1>e:\c++\uri problem solving\beginner\population increase\population increase\population increase.cpp(17): warning C4244: '+=' : conversion from 'double' to 'long', possible loss of data
     1>e:\c++\uri problem solving\beginner\population increase\population increase\population increase.cpp(18): warning C4244: '+=' : conversion from 'double' to 'long', possible loss of data
       ManifestResourceCompile:
         All outputs are up-to-date.
       Link:
         C:\Program Files (x86)\Microsoft Visual Studio 10.0\VC\bin\link.exe /ERRORREPORT:PROMPT /OUT:"E:\C++\uri problem solving\beginner\Population Increase\Debug\Population Increase.exe" /INCREMENTAL /NOLOGO kernel32.lib user32.lib gdi32.lib winspool.lib comdlg32.lib advapi32.lib shell32.lib ole32.lib oleaut32.lib uuid.lib odbc32.lib odbccp32.lib /MANIFEST /ManifestFile:"Debug\Population Increase.exe.intermediate.manifest" /MANIFESTUAC:"level='asInvoker' uiAccess='false'" /DEBUG /PDB:"E:\C++\uri problem solving\beginner\Population Increase\Debug\Population Increase.pdb" /SUBSYSTEM:CONSOLE /TLBID:1 /DYNAMICBASE /NXCOMPAT /IMPLIB:"E:\C++\uri problem solving\beginner\Population Increase\Debug\Population Increase.lib" /MACHINE:X86 "Debug\Population Increase.exe.embed.manifest.res"
         "Debug\Population Increase.obj"
       Manifest:
         C:\Program Files (x86)\Microsoft SDKs\Windows\v7.0A\bin\mt.exe /nologo /verbose /out:"Debug\Population Increase.exe.embed.manifest" /manifest "Debug\Population Increase.exe.intermediate.manifest"
         All outputs are up-to-date.
       LinkEmbedManifest:
         All outputs are up-to-date.
         Population Increase.vcxproj -> E:\C++\uri problem solving\beginner\Population Increase\Debug\Population Increase.exe
       FinalizeBuildStatus:
         Deleting file "Debug\Population Increase.unsuccessfulbuild".
         Touching "Debug\Population Increase.lastbuildstate".
     1>Done Building Project "E:\C++\uri problem solving\beginner\Population Increase\Population Increase\Population Increase.vcxproj" (build target(s)).

Build succeeded.

Time Elapsed 00:00:01.35
