Build started 05/05/2021 3:37:39 PM.
     1>Project "E:\C++\uri problem solving\beginner\Array Fill II\Array Fill II\Array Fill II.vcxproj" on node 2 (build target(s)).
     1>InitializeBuildStatus:
         Creating "Debug\Array Fill II.unsuccessfulbuild" because "AlwaysCreate" was specified.
       ClCompile:
         C:\Program Files (x86)\Microsoft Visual Studio 10.0\VC\bin\CL.exe /c /ZI /nologo /W3 /WX- /Od /Oy- /D WIN32 /D _DEBUG /D _CONSOLE /D _UNICODE /D UNICODE /Gm /EHsc /RTC1 /MDd /GS /fp:precise /Zc:wchar_t /Zc:forScope /Fo"Debug\\" /Fd"Debug\vc100.pdb" /Gd /TP /analyze- /errorReport:prompt "Array Fill II.cpp"
         Array Fill II.cpp
     1>e:\c++\uri problem solving\beginner\array fill ii\array fill ii\array fill ii.cpp(5): warning C4101: 'n' : unreferenced local variable
       ManifestResourceCompile:
         All outputs are up-to-date.
       Link:
         C:\Program Files (x86)\Microsoft Visual Studio 10.0\VC\bin\link.exe /ERRORREPORT:PROMPT /OUT:"E:\C++\uri problem solving\beginner\Array Fill II\Debug\Array Fill II.exe" /INCREMENTAL /NOLOGO kernel32.lib user32.lib gdi32.lib winspool.lib comdlg32.lib advapi32.lib shell32.lib ole32.lib oleaut32.lib uuid.lib odbc32.lib odbccp32.lib /MANIFEST /ManifestFile:"Debug\Array Fill II.exe.intermediate.manifest" /MANIFESTUAC:"level='asInvoker' uiAccess='false'" /DEBUG /PDB:"E:\C++\uri problem solving\beginner\Array Fill II\Debug\Array Fill II.pdb" /SUBSYSTEM:CONSOLE /TLBID:1 /DYNAMICBASE /NXCOMPAT /IMPLIB:"E:\C++\uri problem solving\beginner\Array Fill II\Debug\Array Fill II.lib" /MACHINE:X86 "Debug\Array Fill II.exe.embed.manifest.res"
         "Debug\Array Fill II.obj"
       Manifest:
         C:\Program Files (x86)\Microsoft SDKs\Windows\v7.0A\bin\mt.exe /nologo /verbose /out:"Debug\Array Fill II.exe.embed.manifest" /manifest "Debug\Array Fill II.exe.intermediate.manifest"
         All outputs are up-to-date.
       LinkEmbedManifest:
         All outputs are up-to-date.
         Array Fill II.vcxproj -> E:\C++\uri problem solving\beginner\Array Fill II\Debug\Array Fill II.exe
       FinalizeBuildStatus:
         Deleting file "Debug\Array Fill II.unsuccessfulbuild".
         Touching "Debug\Array Fill II.lastbuildstate".
     1>Done Building Project "E:\C++\uri problem solving\beginner\Array Fill II\Array Fill II\Array Fill II.vcxproj" (build target(s)).

Build succeeded.

Time Elapsed 00:00:01.06
