Build started 05/03/2021 5:35:07 PM.
     1>Project "E:\C++\uri problem solving\beginner\Summing Consecutive Integers\Summing Consecutive Integers\Summing Consecutive Integers.vcxproj" on node 2 (build target(s)).
     1>InitializeBuildStatus:
         Creating "Debug\Summing Consecutive Integers.unsuccessfulbuild" because "AlwaysCreate" was specified.
       ClCompile:
         C:\Program Files (x86)\Microsoft Visual Studio 10.0\VC\bin\CL.exe /c /ZI /nologo /W3 /WX- /Od /Oy- /D WIN32 /D _DEBUG /D _CONSOLE /D _UNICODE /D UNICODE /Gm /EHsc /RTC1 /MDd /GS /fp:precise /Zc:wchar_t /Zc:forScope /Fo"Debug\\" /Fd"Debug\vc100.pdb" /Gd /TP /analyze- /errorReport:prompt "Summing Consecutive Integers.cpp"
         Summing Consecutive Integers.cpp
       ManifestResourceCompile:
         All outputs are up-to-date.
       Link:
         C:\Program Files (x86)\Microsoft Visual Studio 10.0\VC\bin\link.exe /ERRORREPORT:PROMPT /OUT:"E:\C++\uri problem solving\beginner\Summing Consecutive Integers\Debug\Summing Consecutive Integers.exe" /INCREMENTAL /NOLOGO kernel32.lib user32.lib gdi32.lib winspool.lib comdlg32.lib advapi32.lib shell32.lib ole32.lib oleaut32.lib uuid.lib odbc32.lib odbccp32.lib /MANIFEST /ManifestFile:"Debug\Summing Consecutive Integers.exe.intermediate.manifest" /MANIFESTUAC:"level='asInvoker' uiAccess='false'" /DEBUG /PDB:"E:\C++\uri problem solving\beginner\Summing Consecutive Integers\Debug\Summing Consecutive Integers.pdb" /SUBSYSTEM:CONSOLE /TLBID:1 /DYNAMICBASE /NXCOMPAT /IMPLIB:"E:\C++\uri problem solving\beginner\Summing Consecutive Integers\Debug\Summing Consecutive Integers.lib" /MACHINE:X86 "Debug\Summing Consecutive Integers.exe.embed.manifest.res"
         "Debug\Summing Consecutive Integers.obj"
       Manifest:
         C:\Program Files (x86)\Microsoft SDKs\Windows\v7.0A\bin\mt.exe /nologo /verbose /out:"Debug\Summing Consecutive Integers.exe.embed.manifest" /manifest "Debug\Summing Consecutive Integers.exe.intermediate.manifest"
         All outputs are up-to-date.
       LinkEmbedManifest:
         All outputs are up-to-date.
         Summing Consecutive Integers.vcxproj -> E:\C++\uri problem solving\beginner\Summing Consecutive Integers\Debug\Summing Consecutive Integers.exe
       FinalizeBuildStatus:
         Deleting file "Debug\Summing Consecutive Integers.unsuccessfulbuild".
         Touching "Debug\Summing Consecutive Integers.lastbuildstate".
     1>Done Building Project "E:\C++\uri problem solving\beginner\Summing Consecutive Integers\Summing Consecutive Integers\Summing Consecutive Integers.vcxproj" (build target(s)).

Build succeeded.

Time Elapsed 00:00:01.60
