Build started 04/06/2021 12:40:18 AM.
     1>Project "E:\C++\uri problem solving\beginner\Banknotes and Coins\Banknotes and Coins\Banknotes and Coins.vcxproj" on node 2 (build target(s)).
     1>InitializeBuildStatus:
         Creating "Debug\Banknotes and Coins.unsuccessfulbuild" because "AlwaysCreate" was specified.
       ClCompile:
         C:\Program Files (x86)\Microsoft Visual Studio 10.0\VC\bin\CL.exe /c /ZI /nologo /W3 /WX- /Od /Oy- /D WIN32 /D _DEBUG /D _CONSOLE /D _UNICODE /D UNICODE /Gm /EHsc /RTC1 /MDd /GS /fp:precise /Zc:wchar_t /Zc:forScope /Fo"Debug\\" /Fd"Debug\vc100.pdb" /Gd /TP /analyze- /errorReport:prompt "Banknotes and Coins.cpp"
         Banknotes and Coins.cpp
     1>e:\c++\uri problem solving\beginner\banknotes and coins\banknotes and coins\banknotes and coins.cpp(99): warning C4244: '=' : conversion from 'double' to 'int', possible loss of data
     1>e:\c++\uri problem solving\beginner\banknotes and coins\banknotes and coins\banknotes and coins.cpp(101): warning C4244: '=' : conversion from 'double' to 'int', possible loss of data
       ManifestResourceCompile:
         All outputs are up-to-date.
       Link:
         C:\Program Files (x86)\Microsoft Visual Studio 10.0\VC\bin\link.exe /ERRORREPORT:PROMPT /OUT:"E:\C++\uri problem solving\beginner\Banknotes and Coins\Debug\Banknotes and Coins.exe" /INCREMENTAL /NOLOGO kernel32.lib user32.lib gdi32.lib winspool.lib comdlg32.lib advapi32.lib shell32.lib ole32.lib oleaut32.lib uuid.lib odbc32.lib odbccp32.lib /MANIFEST /ManifestFile:"Debug\Banknotes and Coins.exe.intermediate.manifest" /MANIFESTUAC:"level='asInvoker' uiAccess='false'" /DEBUG /PDB:"E:\C++\uri problem solving\beginner\Banknotes and Coins\Debug\Banknotes and Coins.pdb" /SUBSYSTEM:CONSOLE /TLBID:1 /DYNAMICBASE /NXCOMPAT /IMPLIB:"E:\C++\uri problem solving\beginner\Banknotes and Coins\Debug\Banknotes and Coins.lib" /MACHINE:X86 "Debug\Banknotes and Coins.exe.embed.manifest.res"
         "Debug\Banknotes and Coins.obj"
       Manifest:
         C:\Program Files (x86)\Microsoft SDKs\Windows\v7.0A\bin\mt.exe /nologo /verbose /out:"Debug\Banknotes and Coins.exe.embed.manifest" /manifest "Debug\Banknotes and Coins.exe.intermediate.manifest"
         All outputs are up-to-date.
       LinkEmbedManifest:
         All outputs are up-to-date.
         Banknotes and Coins.vcxproj -> E:\C++\uri problem solving\beginner\Banknotes and Coins\Debug\Banknotes and Coins.exe
       FinalizeBuildStatus:
         Deleting file "Debug\Banknotes and Coins.unsuccessfulbuild".
         Touching "Debug\Banknotes and Coins.lastbuildstate".
     1>Done Building Project "E:\C++\uri problem solving\beginner\Banknotes and Coins\Banknotes and Coins\Banknotes and Coins.vcxproj" (build target(s)).

Build succeeded.

Time Elapsed 00:00:00.73
