Build started 04/05/2021 10:26:27 PM.
     1>Project "E:\C++\uri problem solving\beginner\Distance Between Two Points\Distance Between Two Points\Distance Between Two Points.vcxproj" on node 2 (build target(s)).
     1>InitializeBuildStatus:
         Touching "Debug\Distance Between Two Points.unsuccessfulbuild".
       ClCompile:
         C:\Program Files (x86)\Microsoft Visual Studio 10.0\VC\bin\CL.exe /c /ZI /nologo /W3 /WX- /Od /Oy- /D WIN32 /D _DEBUG /D _CONSOLE /D _UNICODE /D UNICODE /Gm /EHsc /RTC1 /MDd /GS /fp:precise /Zc:wchar_t /Zc:forScope /Fo"Debug\\" /Fd"Debug\vc100.pdb" /Gd /TP /analyze- /errorReport:prompt "Distance Between Two Points.cpp"
         Distance Between Two Points.cpp
       ManifestResourceCompile:
         C:\Program Files (x86)\Microsoft SDKs\Windows\v7.0A\bin\rc.exe /nologo /fo"Debug\Distance Between Two Points.exe.embed.manifest.res" "Debug\Distance Between Two Points_manifest.rc" 
       Link:
         C:\Program Files (x86)\Microsoft Visual Studio 10.0\VC\bin\link.exe /ERRORREPORT:PROMPT /OUT:"E:\C++\uri problem solving\beginner\Distance Between Two Points\Debug\Distance Between Two Points.exe" /INCREMENTAL /NOLOGO kernel32.lib user32.lib gdi32.lib winspool.lib comdlg32.lib advapi32.lib shell32.lib ole32.lib oleaut32.lib uuid.lib odbc32.lib odbccp32.lib /MANIFEST /ManifestFile:"Debug\Distance Between Two Points.exe.intermediate.manifest" /MANIFESTUAC:"level='asInvoker' uiAccess='false'" /DEBUG /PDB:"E:\C++\uri problem solving\beginner\Distance Between Two Points\Debug\Distance Between Two Points.pdb" /SUBSYSTEM:CONSOLE /TLBID:1 /DYNAMICBASE /NXCOMPAT /IMPLIB:"E:\C++\uri problem solving\beginner\Distance Between Two Points\Debug\Distance Between Two Points.lib" /MACHINE:X86 "Debug\Distance Between Two Points.exe.embed.manifest.res"
         "Debug\Distance Between Two Points.obj"
       Manifest:
         C:\Program Files (x86)\Microsoft SDKs\Windows\v7.0A\bin\mt.exe /nologo /verbose /out:"Debug\Distance Between Two Points.exe.embed.manifest" /manifest "Debug\Distance Between Two Points.exe.intermediate.manifest"
         C:\Program Files (x86)\Microsoft SDKs\Windows\v7.0A\bin\rc.exe /nologo /fo"Debug\Distance Between Two Points.exe.embed.manifest.res" "Debug\Distance Between Two Points_manifest.rc" 
       LinkEmbedManifest:
         C:\Program Files (x86)\Microsoft Visual Studio 10.0\VC\bin\link.exe /ERRORREPORT:PROMPT /OUT:"E:\C++\uri problem solving\beginner\Distance Between Two Points\Debug\Distance Between Two Points.exe" /INCREMENTAL /NOLOGO kernel32.lib user32.lib gdi32.lib winspool.lib comdlg32.lib advapi32.lib shell32.lib ole32.lib oleaut32.lib uuid.lib odbc32.lib odbccp32.lib /MANIFEST /ManifestFile:"Debug\Distance Between Two Points.exe.intermediate.manifest" /MANIFESTUAC:"level='asInvoker' uiAccess='false'" /DEBUG /PDB:"E:\C++\uri problem solving\beginner\Distance Between Two Points\Debug\Distance Between Two Points.pdb" /SUBSYSTEM:CONSOLE /TLBID:1 /DYNAMICBASE /NXCOMPAT /IMPLIB:"E:\C++\uri problem solving\beginner\Distance Between Two Points\Debug\Distance Between Two Points.lib" /MACHINE:X86 "Debug\Distance Between Two Points.exe.embed.manifest.res"
         "Debug\Distance Between Two Points.obj"
         Distance Between Two Points.vcxproj -> E:\C++\uri problem solving\beginner\Distance Between Two Points\Debug\Distance Between Two Points.exe
       FinalizeBuildStatus:
         Deleting file "Debug\Distance Between Two Points.unsuccessfulbuild".
         Touching "Debug\Distance Between Two Points.lastbuildstate".
     1>Done Building Project "E:\C++\uri problem solving\beginner\Distance Between Two Points\Distance Between Two Points\Distance Between Two Points.vcxproj" (build target(s)).

Build succeeded.

Time Elapsed 00:00:05.03
